C:\Users\USER\source\repos\Project2ClothingStore\Project2ClothingStore\Accessories\Accessories.js
C:\Users\USER\source\repos\Project2ClothingStore\Project2ClothingStore\Accessories\Accessories.js.map
C:\Users\USER\source\repos\Project2ClothingStore\Project2ClothingStore\app.js
C:\Users\USER\source\repos\Project2ClothingStore\Project2ClothingStore\app.js.map
C:\Users\USER\source\repos\Project2ClothingStore\Project2ClothingStore\Shirts\ButtonedShirt.js
C:\Users\USER\source\repos\Project2ClothingStore\Project2ClothingStore\Shirts\ButtonedShirt.js.map
C:\Users\USER\source\repos\Project2ClothingStore\Project2ClothingStore\Accessories\CasketHat.js
C:\Users\USER\source\repos\Project2ClothingStore\Project2ClothingStore\Accessories\CasketHat.js.map
C:\Users\USER\source\repos\Project2ClothingStore\Project2ClothingStore\Women Outfit\Coat.js
C:\Users\USER\source\repos\Project2ClothingStore\Project2ClothingStore\Women Outfit\Coat.js.map
C:\Users\USER\source\repos\Project2ClothingStore\Project2ClothingStore\Shoes\ComfortShoes.js
C:\Users\USER\source\repos\Project2ClothingStore\Project2ClothingStore\Shoes\ComfortShoes.js.map
C:\Users\USER\source\repos\Project2ClothingStore\Project2ClothingStore\Accessories\Dimensions.js
C:\Users\USER\source\repos\Project2ClothingStore\Project2ClothingStore\Accessories\Dimensions.js.map
C:\Users\USER\source\repos\Project2ClothingStore\Project2ClothingStore\Women Outfit\Dress.js
C:\Users\USER\source\repos\Project2ClothingStore\Project2ClothingStore\Women Outfit\Dress.js.map
C:\Users\USER\source\repos\Project2ClothingStore\Project2ClothingStore\Women Outfit\DressSkirts.js
C:\Users\USER\source\repos\Project2ClothingStore\Project2ClothingStore\Women Outfit\DressSkirts.js.map
C:\Users\USER\source\repos\Project2ClothingStore\Project2ClothingStore\Shoes\ElegantShoes.js
C:\Users\USER\source\repos\Project2ClothingStore\Project2ClothingStore\Shoes\ElegantShoes.js.map
C:\Users\USER\source\repos\Project2ClothingStore\Project2ClothingStore\Women Outfit\EveningDress.js
C:\Users\USER\source\repos\Project2ClothingStore\Project2ClothingStore\Women Outfit\EveningDress.js.map
C:\Users\USER\source\repos\Project2ClothingStore\Project2ClothingStore\Accessories\Belt.js
C:\Users\USER\source\repos\Project2ClothingStore\Project2ClothingStore\Accessories\Belt.js.map
C:\Users\USER\source\repos\Project2ClothingStore\Project2ClothingStore\Accessories\ReadingGlasses.js
C:\Users\USER\source\repos\Project2ClothingStore\Project2ClothingStore\Accessories\ReadingGlasses.js.map
C:\Users\USER\source\repos\Project2ClothingStore\Project2ClothingStore\Accessories\SunGlasses.js
C:\Users\USER\source\repos\Project2ClothingStore\Project2ClothingStore\Accessories\SunGlasses.js.map
C:\Users\USER\source\repos\Project2ClothingStore\Project2ClothingStore\Accessories\TopHat.js
C:\Users\USER\source\repos\Project2ClothingStore\Project2ClothingStore\Accessories\TopHat.js.map
C:\Users\USER\source\repos\Project2ClothingStore\Project2ClothingStore\Shoes\HeelsShoes.js
C:\Users\USER\source\repos\Project2ClothingStore\Project2ClothingStore\Shoes\HeelsShoes.js.map
C:\Users\USER\source\repos\Project2ClothingStore\Project2ClothingStore\Women Outfit\Jacket.js
C:\Users\USER\source\repos\Project2ClothingStore\Project2ClothingStore\Women Outfit\Jacket.js.map
C:\Users\USER\source\repos\Project2ClothingStore\Project2ClothingStore\Women Outfit\JacketCoat.js
C:\Users\USER\source\repos\Project2ClothingStore\Project2ClothingStore\Women Outfit\JacketCoat.js.map
C:\Users\USER\source\repos\Project2ClothingStore\Project2ClothingStore\Pants\Jeans.js
C:\Users\USER\source\repos\Project2ClothingStore\Project2ClothingStore\Pants\Jeans.js.map
C:\Users\USER\source\repos\Project2ClothingStore\Project2ClothingStore\Generator.js
C:\Users\USER\source\repos\Project2ClothingStore\Project2ClothingStore\Generator.js.map
C:\Users\USER\source\repos\Project2ClothingStore\Project2ClothingStore\Item.js
C:\Users\USER\source\repos\Project2ClothingStore\Project2ClothingStore\Item.js.map
C:\Users\USER\source\repos\Project2ClothingStore\Project2ClothingStore\Pants\Pants.js
C:\Users\USER\source\repos\Project2ClothingStore\Project2ClothingStore\Pants\Pants.js.map
C:\Users\USER\source\repos\Project2ClothingStore\Project2ClothingStore\RandomHelper.js
C:\Users\USER\source\repos\Project2ClothingStore\Project2ClothingStore\RandomHelper.js.map
C:\Users\USER\source\repos\Project2ClothingStore\Project2ClothingStore\Shirts\Shirt.js
C:\Users\USER\source\repos\Project2ClothingStore\Project2ClothingStore\Shirts\Shirt.js.map
C:\Users\USER\source\repos\Project2ClothingStore\Project2ClothingStore\Shoes\Shoes.js
C:\Users\USER\source\repos\Project2ClothingStore\Project2ClothingStore\Shoes\Shoes.js.map
C:\Users\USER\source\repos\Project2ClothingStore\Project2ClothingStore\Pants\Shorts.js
C:\Users\USER\source\repos\Project2ClothingStore\Project2ClothingStore\Pants\Shorts.js.map
C:\Users\USER\source\repos\Project2ClothingStore\Project2ClothingStore\Women Outfit\Skirt.js
C:\Users\USER\source\repos\Project2ClothingStore\Project2ClothingStore\Women Outfit\Skirt.js.map
C:\Users\USER\source\repos\Project2ClothingStore\Project2ClothingStore\Shoes\SportShoes.js
C:\Users\USER\source\repos\Project2ClothingStore\Project2ClothingStore\Shoes\SportShoes.js.map
C:\Users\USER\source\repos\Project2ClothingStore\Project2ClothingStore\Tester.js
C:\Users\USER\source\repos\Project2ClothingStore\Project2ClothingStore\Tester.js.map
C:\Users\USER\source\repos\Project2ClothingStore\Project2ClothingStore\Pants\Trouser.js
C:\Users\USER\source\repos\Project2ClothingStore\Project2ClothingStore\Pants\Trouser.js.map
C:\Users\USER\source\repos\Project2ClothingStore\Project2ClothingStore\Shirts\TShirt.js
C:\Users\USER\source\repos\Project2ClothingStore\Project2ClothingStore\Shirts\TShirt.js.map
C:\Users\USER\source\repos\Project2ClothingStore\Project2ClothingStore\Shirts\WomenShirts.js
C:\Users\USER\source\repos\Project2ClothingStore\Project2ClothingStore\Shirts\WomenShirts.js.map
